<?xml version="1.0" encoding="UTF-8"?>
<!-- Generated by org.testng.reporters.JUnitReportReporter -->
<testsuite hostname="DESKTOP-4F545DN" failures="0" tests="3" name="testNG.ParalleExecution_TestsClassMethods_13_2" time="0.007" errors="0" timestamp="2022-05-06T11:47:46 IST" skipped="0">
  <testcase classname="testNG.ParalleExecution_TestsClassMethods_13_2" name="test5" time="0.003"/>
  <system-out/>
  <testcase classname="testNG.ParalleExecution_TestsClassMethods_13_2" name="test6" time="0.002"/>
  <system-out/>
  <testcase classname="testNG.ParalleExecution_TestsClassMethods_13_2" name="test7" time="0.002"/>
  <system-out/>
</testsuite> <!-- testNG.ParalleExecution_TestsClassMethods_13_2 -->
