<?xml version="1.0" encoding="UTF-8"?>
<!-- Generated by org.testng.reporters.JUnitReportReporter -->
<testsuite hostname="DESKTOP-4F545DN" failures="0" tests="1" name="testNG.AssertionDemo_4_2" time="58.545" errors="0" timestamp="2022-04-29T18:36:53 IST" skipped="0">
  <testcase classname="testNG.AssertionDemo_4_2" name="testGoogle" time="58.545"/>
  <system-out/>
</testsuite> <!-- testNG.AssertionDemo_4_2 -->
