<?xml version="1.0" encoding="UTF-8"?>
<!-- Generated by org.testng.reporters.JUnitReportReporter -->
<testsuite hostname="DESKTOP-4F545DN" failures="0" tests="4" name="testNG.EnableAndDisableTestCase_6_3" time="12.090" errors="0" timestamp="2022-05-02T12:44:31 IST" skipped="0">
  <testcase classname="testNG.EnableAndDisableTestCase_6_3" name="verifyMyInfo" time="0.073"/>
  <system-out/>
  <testcase classname="testNG.EnableAndDisableTestCase_6_3" name="Login" time="5.233"/>
  <system-out/>
  <testcase classname="testNG.EnableAndDisableTestCase_6_3" name="LaunchApp" time="5.098"/>
  <system-out/>
  <testcase classname="testNG.EnableAndDisableTestCase_6_3" name="nevigateToMyInfo" time="1.686"/>
  <system-out/>
</testsuite> <!-- testNG.EnableAndDisableTestCase_6_3 -->
