<?xml version="1.0" encoding="UTF-8"?>
<!-- Generated by org.testng.reporters.JUnitReportReporter -->
<testsuite hostname="DESKTOP-4F545DN" failures="0" tests="9" name="testNG.Parameters_RealTimeExample_6_1" time="25.991" errors="0" timestamp="2022-05-02T10:32:37 IST" skipped="0">
  <testcase classname="testNG.Parameters_RealTimeExample_6_1" name="verifyMyLogin" time="0.101"/>
  <system-out/>
  <testcase classname="testNG.Parameters_RealTimeExample_6_1" name="LaunchApp" time="3.350"/>
  <system-out/>
  <testcase classname="testNG.Parameters_RealTimeExample_6_1" name="Login" time="6.182"/>
  <system-out/>
  <testcase classname="testNG.Parameters_RealTimeExample_6_1" name="LaunchApp" time="2.997"/>
  <system-out/>
  <testcase classname="testNG.Parameters_RealTimeExample_6_1" name="Login" time="5.244"/>
  <system-out/>
  <testcase classname="testNG.Parameters_RealTimeExample_6_1" name="LaunchApp" time="2.893"/>
  <system-out/>
  <testcase classname="testNG.Parameters_RealTimeExample_6_1" name="verifyMyLogin" time="0.049"/>
  <system-out/>
  <testcase classname="testNG.Parameters_RealTimeExample_6_1" name="verifyMyLogin" time="0.062"/>
  <system-out/>
  <testcase classname="testNG.Parameters_RealTimeExample_6_1" name="Login" time="5.113"/>
  <system-out/>
</testsuite> <!-- testNG.Parameters_RealTimeExample_6_1 -->
