<?xml version="1.0" encoding="UTF-8"?>
<!-- Generated by org.testng.reporters.JUnitReportReporter -->
<testsuite hostname="DESKTOP-4F545DN" failures="0" tests="2" name="testNG.ReturnTypesOfDataProviderAndParameterOfTestMethod_10_2" time="0.016" errors="0" timestamp="2022-05-04T20:01:21 IST" skipped="0">
  <testcase classname="testNG.ReturnTypesOfDataProviderAndParameterOfTestMethod_10_2" name="test" time="0.004"/>
  <system-out/>
  <testcase classname="testNG.ReturnTypesOfDataProviderAndParameterOfTestMethod_10_2" name="test" time="0.012"/>
  <system-out/>
</testsuite> <!-- testNG.ReturnTypesOfDataProviderAndParameterOfTestMethod_10_2 -->
