<?xml version="1.0" encoding="UTF-8"?>
<!-- Generated by org.testng.reporters.JUnitReportReporter -->
<testsuite hostname="DESKTOP-4F545DN" failures="0" tests="2" name="testNG.SecondTestCase" time="30.555" errors="0" timestamp="2022-04-29T13:02:24 IST" skipped="0">
  <testcase classname="testNG.SecondTestCase" name="testGoogle" time="12.319"/>
  <system-out/>
  <testcase classname="testNG.SecondTestCase" name="testFacebook" time="18.236"/>
  <system-out/>
</testsuite> <!-- testNG.SecondTestCase -->
