<?xml version="1.0" encoding="UTF-8"?>
<!-- Generated by org.testng.reporters.JUnitReportReporter -->
<testsuite hostname="DESKTOP-4F545DN" failures="0" tests="4" name="testNG.ParalleExecution_TestsClassMethods_13_1" time="0.048" errors="0" timestamp="2022-05-06T11:47:46 IST" skipped="0">
  <testcase classname="testNG.ParalleExecution_TestsClassMethods_13_1" name="test4" time="0.004"/>
  <system-out/>
  <testcase classname="testNG.ParalleExecution_TestsClassMethods_13_1" name="test1" time="0.018"/>
  <system-out/>
  <testcase classname="testNG.ParalleExecution_TestsClassMethods_13_1" name="test3" time="0.007"/>
  <system-out/>
  <testcase classname="testNG.ParalleExecution_TestsClassMethods_13_1" name="test2" time="0.019"/>
  <system-out/>
</testsuite> <!-- testNG.ParalleExecution_TestsClassMethods_13_1 -->
