<?xml version="1.0" encoding="UTF-8"?>
<!-- Generated by org.testng.reporters.JUnitReportReporter -->
<testsuite hostname="DESKTOP-4F545DN" failures="0" tests="2" name="testNG.AnnotationTest_5_2" time="0.011" errors="0" timestamp="2022-05-01T19:27:17 IST" skipped="0">
  <testcase classname="testNG.AnnotationTest_5_2" name="testMethod1" time="0.008"/>
  <system-out/>
  <testcase classname="testNG.AnnotationTest_5_2" name="testMethod2" time="0.003"/>
  <system-out/>
</testsuite> <!-- testNG.AnnotationTest_5_2 -->
