<?xml version="1.0" encoding="UTF-8"?>
<!-- Generated by org.testng.reporters.JUnitReportReporter -->
<testsuite hostname="DESKTOP-4F545DN" failures="0" tests="2" name="testNG.ParalleExecution_TestsClassMethods_13_3" time="0.014" errors="0" timestamp="2022-05-06T11:47:46 IST" skipped="0">
  <testcase classname="testNG.ParalleExecution_TestsClassMethods_13_3" name="test9" time="0.005"/>
  <system-out/>
  <testcase classname="testNG.ParalleExecution_TestsClassMethods_13_3" name="test8" time="0.009"/>
  <system-out/>
</testsuite> <!-- testNG.ParalleExecution_TestsClassMethods_13_3 -->
