<?xml version="1.0" encoding="UTF-8"?>
<!-- Generated by org.testng.reporters.JUnitReportReporter -->
<testsuite hostname="DESKTOP-4F545DN" failures="0" tests="7" name="testNG.Annatation_RealTimeExample_5_3" time="28.473" errors="0" timestamp="2022-05-01T21:53:06 IST" skipped="0">
  <testcase classname="testNG.Annatation_RealTimeExample_5_3" name="LaunchApp" time="7.190"/>
  <system-out/>
  <testcase classname="testNG.Annatation_RealTimeExample_5_3" name="LaunchApp" time="7.122"/>
  <system-out/>
  <testcase classname="testNG.Annatation_RealTimeExample_5_3" name="Login" time="5.094"/>
  <system-out/>
  <testcase classname="testNG.Annatation_RealTimeExample_5_3" name="Login" time="7.603"/>
  <system-out/>
  <testcase classname="testNG.Annatation_RealTimeExample_5_3" name="verifyOrderHistory" time="0.047"/>
  <system-out/>
  <testcase classname="testNG.Annatation_RealTimeExample_5_3" name="nevigateToOrderHistoryAndDetails" time="1.374"/>
  <system-out/>
  <testcase classname="testNG.Annatation_RealTimeExample_5_3" name="verifyMyLogin" time="0.043"/>
  <system-out/>
</testsuite> <!-- testNG.Annatation_RealTimeExample_5_3 -->
