<?xml version="1.0" encoding="UTF-8"?>
<!-- Generated by org.testng.reporters.JUnitReportReporter -->
<testsuite hostname="DESKTOP-4F545DN" failures="0" tests="4" name="testNG.ListenerFor_Class_15_2" time="0.048" errors="0" timestamp="2022-05-07T22:45:40 IST" skipped="0">
  <testcase classname="testNG.ListenerFor_Class_15_2" name="test1" time="0.030"/>
  <system-out/>
  <testcase classname="testNG.ListenerFor_Class_15_2" name="test2" time="0.006"/>
  <system-out/>
  <testcase classname="testNG.ListenerFor_Class_15_2" name="test3" time="0.006"/>
  <system-out/>
  <testcase classname="testNG.ListenerFor_Class_15_2" name="test4" time="0.006"/>
  <system-out/>
</testsuite> <!-- testNG.ListenerFor_Class_15_2 -->
