<?xml version="1.0" encoding="UTF-8"?>
<!-- Generated by org.testng.reporters.JUnitReportReporter -->
<testsuite hostname="DESKTOP-4F545DN" failures="0" tests="1" name="testNG.InvocationAndThreadPoolSize_14" time="8.371" errors="0" timestamp="2022-05-06T22:40:42 IST" skipped="0">
  <testcase classname="testNG.InvocationAndThreadPoolSize_14" name="testMethod" time="8.371"/>
  <system-out/>
</testsuite> <!-- testNG.InvocationAndThreadPoolSize_14 -->
