<?xml version="1.0" encoding="UTF-8"?>
<!-- Generated by org.testng.reporters.JUnitReportReporter -->
<testsuite hostname="DESKTOP-4F545DN" failures="0" tests="1" name="pageobjectmodel.RegisterOperationalPage" time="18.934" errors="0" timestamp="2022-05-16T19:12:04 IST" skipped="0">
  <testcase classname="pageobjectmodel.RegisterOperationalPage" name="verifyFlightReg" time="18.934"/>
  <system-out/>
</testsuite> <!-- pageobjectmodel.RegisterOperationalPage -->
