<?xml version="1.0" encoding="UTF-8"?>
<!-- Generated by org.testng.reporters.JUnitReportReporter -->
<testsuite hostname="DESKTOP-4F545DN" failures="0" tests="2" name="testNG.PartiallyDataProvider_Indices_10_4" time="0.013" errors="0" timestamp="2022-05-04T20:47:47 IST" skipped="0">
  <testcase classname="testNG.PartiallyDataProvider_Indices_10_4" name="Test1" time="0.002"/>
  <system-out/>
  <testcase classname="testNG.PartiallyDataProvider_Indices_10_4" name="Test1" time="0.011"/>
  <system-out/>
</testsuite> <!-- testNG.PartiallyDataProvider_Indices_10_4 -->
