<?xml version="1.0" encoding="UTF-8"?>
<!-- Generated by org.testng.reporters.JUnitReportReporter -->
<testsuite hostname="DESKTOP-4F545DN" failures="0" tests="1" name="testNG.Attributes_TimeOutAndExpectedException" time="7.194" errors="0" timestamp="2022-05-05T22:37:18 IST" skipped="0">
  <testcase classname="testNG.Attributes_TimeOutAndExpectedException" name="testMethod" time="7.194"/>
  <system-out/>
</testsuite> <!-- testNG.Attributes_TimeOutAndExpectedException -->
