<?xml version="1.0" encoding="UTF-8"?>
<!-- Generated by org.testng.reporters.JUnitReportReporter -->
<testsuite hostname="DESKTOP-4F545DN" failures="0" tests="6" name="testNG.PriorityDemo_7_2" time="0.025" errors="0" timestamp="2022-05-02T17:09:08 IST" skipped="0">
  <testcase classname="testNG.PriorityDemo_7_2" name="signUp" time="0.015"/>
  <system-out/>
  <testcase classname="testNG.PriorityDemo_7_2" name="login" time="0.002"/>
  <system-out/>
  <testcase classname="testNG.PriorityDemo_7_2" name="searchForTheFlight" time="0.001"/>
  <system-out/>
  <testcase classname="testNG.PriorityDemo_7_2" name="bookTheFlight" time="0.002"/>
  <system-out/>
  <testcase classname="testNG.PriorityDemo_7_2" name="logout" time="0.004"/>
  <system-out/>
  <testcase classname="testNG.PriorityDemo_7_2" name="saveTheTicket" time="0.001"/>
  <system-out/>
</testsuite> <!-- testNG.PriorityDemo_7_2 -->
