<?xml version="1.0" encoding="UTF-8"?>
<!-- Generated by org.testng.reporters.JUnitReportReporter -->
<testsuite hostname="DESKTOP-4F545DN" failures="0" tests="3" name="testNG.GroupingTest1" time="0.018" errors="0" timestamp="2022-05-03T14:02:41 IST" skipped="0">
  <testcase classname="testNG.GroupingTest1" name="test1" time="0.013"/>
  <system-out/>
  <testcase classname="testNG.GroupingTest1" name="test3" time="0.003"/>
  <system-out/>
  <testcase classname="testNG.GroupingTest1" name="test2" time="0.002"/>
  <system-out/>
</testsuite> <!-- testNG.GroupingTest1 -->
