<?xml version="1.0" encoding="UTF-8"?>
<!-- Generated by org.testng.reporters.JUnitReportReporter -->
<testsuite hostname="DESKTOP-4F545DN" failures="0" tests="7" name="testNG.OptionalParameters_RealTimeExample_6_2" time="66.550" errors="0" timestamp="2022-05-02T18:41:13 IST" skipped="0">
  <testcase classname="testNG.OptionalParameters_RealTimeExample_6_2" name="Login" time="10.731"/>
  <system-out/>
  <testcase classname="testNG.OptionalParameters_RealTimeExample_6_2" name="LaunchApp" time="7.432"/>
  <system-out/>
  <testcase classname="testNG.OptionalParameters_RealTimeExample_6_2" name="verifyMyLogin" time="0.132"/>
  <system-out/>
  <testcase classname="testNG.OptionalParameters_RealTimeExample_6_2" name="nevigateToMyInfo" time="2.764"/>
  <system-out/>
  <testcase classname="testNG.OptionalParameters_RealTimeExample_6_2" name="LaunchApp" time="29.471"/>
  <system-out/>
  <testcase classname="testNG.OptionalParameters_RealTimeExample_6_2" name="verifyMyInfo" time="0.438"/>
  <system-out/>
  <testcase classname="testNG.OptionalParameters_RealTimeExample_6_2" name="Login" time="15.582"/>
  <system-out/>
</testsuite> <!-- testNG.OptionalParameters_RealTimeExample_6_2 -->
