<?xml version="1.0" encoding="UTF-8"?>
<!-- Generated by org.testng.reporters.JUnitReportReporter -->
<testsuite hostname="DESKTOP-4F545DN" failures="0" tests="3" name="testNG.IgnoreNewTest_8_1" time="0.014" errors="0" timestamp="2022-05-02T17:51:00 IST" skipped="1">
  <testcase classname="testNG.IgnoreNewTest_8_1" name="test3" time="0.002"/>
  <system-out/>
  <testcase classname="testNG.IgnoreNewTest_8_1" name="test2" time="0.012"/>
  <system-out/>
  <testcase classname="testNG.IgnoreNewTest_8_1" name="test1">
    <skipped/>
  </testcase> <!-- test1 -->
  <system-out/>
</testsuite> <!-- testNG.IgnoreNewTest_8_1 -->
