<?xml version="1.0" encoding="UTF-8"?>
<!-- Generated by org.testng.reporters.JUnitReportReporter -->
<testsuite hostname="DESKTOP-4F545DN" failures="0" tests="1" name="testNG.HardAssertionDemo_4_2" time="16.321" errors="0" timestamp="2022-05-01T21:43:24 IST" skipped="0">
  <testcase classname="testNG.HardAssertionDemo_4_2" name="testLogin" time="16.321"/>
  <system-out/>
</testsuite> <!-- testNG.HardAssertionDemo_4_2 -->
