<?xml version="1.0" encoding="UTF-8"?>
<!-- Generated by org.testng.reporters.JUnitReportReporter -->
<testsuite hostname="DESKTOP-4F545DN" failures="0" tests="1" name="testNG.TestAttributes_TimeOutAndExpectedException" time="7.895" errors="0" timestamp="2022-05-05T23:01:43 IST" skipped="0">
  <testcase classname="testNG.TestAttributes_TimeOutAndExpectedException" name="testMethod" time="7.895"/>
  <system-out/>
</testsuite> <!-- testNG.TestAttributes_TimeOutAndExpectedException -->
