<?xml version="1.0" encoding="UTF-8"?>
<!-- Generated by org.testng.reporters.JUnitReportReporter -->
<testsuite hostname="DESKTOP-4F545DN" failures="0" tests="2" name="testNG.GroupDependency_9_2" time="0.009" errors="0" timestamp="2022-05-03T13:58:07 IST" skipped="0">
  <testcase classname="testNG.GroupDependency_9_2" name="test0" time="0.007"/>
  <system-out/>
  <testcase classname="testNG.GroupDependency_9_2" name="test1" time="0.002"/>
  <system-out/>
</testsuite> <!-- testNG.GroupDependency_9_2 -->
