<?xml version="1.0" encoding="UTF-8"?>
<!-- Generated by org.testng.reporters.JUnitReportReporter -->
<testsuite hostname="DESKTOP-4F545DN" failures="0" tests="4" name="testNG.GroupingTest2" time="0.020" errors="0" timestamp="2022-05-03T14:02:41 IST" skipped="0">
  <testcase classname="testNG.GroupingTest2" name="test6" time="0.003"/>
  <system-out/>
  <testcase classname="testNG.GroupingTest2" name="test4" time="0.008"/>
  <system-out/>
  <testcase classname="testNG.GroupingTest2" name="test7" time="0.004"/>
  <system-out/>
  <testcase classname="testNG.GroupingTest2" name="test5" time="0.005"/>
  <system-out/>
</testsuite> <!-- testNG.GroupingTest2 -->
