<?xml version="1.0" encoding="UTF-8"?>
<!-- Generated by org.testng.reporters.JUnitReportReporter -->
<testsuite hostname="DESKTOP-4F545DN" failures="0" tests="4" name="testNG.ParalleExecution_TestsClassMethods_13_4" time="0.030" errors="0" timestamp="2022-05-06T11:47:46 IST" skipped="0">
  <testcase classname="testNG.ParalleExecution_TestsClassMethods_13_4" name="test13" time="0.002"/>
  <system-out/>
  <testcase classname="testNG.ParalleExecution_TestsClassMethods_13_4" name="test12" time="0.002"/>
  <system-out/>
  <testcase classname="testNG.ParalleExecution_TestsClassMethods_13_4" name="test11" time="0.022"/>
  <system-out/>
  <testcase classname="testNG.ParalleExecution_TestsClassMethods_13_4" name="test10" time="0.004"/>
  <system-out/>
</testsuite> <!-- testNG.ParalleExecution_TestsClassMethods_13_4 -->
